{
  "RSpec": {
    "coverage": {
      "/Users/new_projects/persogen/config/environment.rb": {
        "lines": [
          null,
          1,
          null,
          null,
          1
        ]
      },
      "/Users/new_projects/persogen/config/application.rb": {
        "lines": [
          1,
          null,
          1,
          null,
          1,
          1,
          1,
          1,
          1,
          1,
          1,
          1,
          1,
          1,
          null,
          null,
          null,
          null,
          1,
          null,
          1,
          1,
          null,
          1,
          null,
          null,
          null,
          null,
          1,
          1,
          null,
          null,
          null,
          null,
          null,
          null,
          null,
          null,
          null,
          null,
          null,
          null,
          1,
          null,
          null
        ]
      },
      "/Users/new_projects/persogen/config/boot.rb": {
        "lines": [
          1,
          null,
          1,
          1
        ]
      },
      "/Users/new_projects/persogen/config/environments/test.rb": {
        "lines": [
          1,
          null,
          null,
          null,
          null,
          null,
          null,
          1,
          null,
          null,
          null,
          1,
          null,
          null,
          null,
          null,
          null,
          1,
          null,
          null,
          1,
          1,
          null,
          null,
          null,
          null,
          1,
          1,
          1,
          null,
          null,
          1,
          null,
          null,
          1,
          null,
          null,
          1,
          null,
          1,
          null,
          null,
          null,
          null,
          1,
          null,
          null,
          1,
          null,
          null,
          1,
          null,
          null,
          1,
          null,
          null,
          null,
          null,
          null,
          null,
          null,
          null,
          1,
          null
        ]
      },
      "/Users/new_projects/persogen/config/initializers/cors.rb": {
        "lines": [
          null,
          null,
          null,
          null,
          null,
          null,
          null,
          null,
          null,
          null,
          null,
          null,
          null,
          null,
          null,
          null
        ]
      },
      "/Users/new_projects/persogen/config/initializers/filter_parameter_logging.rb": {
        "lines": [
          null,
          null,
          null,
          null,
          null,
          1,
          null,
          null
        ]
      },
      "/Users/new_projects/persogen/config/initializers/inflections.rb": {
        "lines": [
          null,
          null,
          null,
          null,
          null,
          null,
          null,
          null,
          null,
          null,
          null,
          null,
          null,
          null,
          null,
          null
        ]
      },
      "/Users/new_projects/persogen/config/routes.rb": {
        "lines": [
          1,
          null,
          null,
          null,
          null,
          1,
          1,
          1,
          1,
          1,
          null,
          null,
          null,
          null,
          null,
          null
        ]
      },
      "/Users/new_projects/persogen/app/controllers/api/v1/people_controller.rb": {
        "lines": [
          1,
          1,
          13,
          228,
          13,
          null,
          null,
          1,
          10,
          10,
          null,
          null
        ]
      },
      "/Users/new_projects/persogen/app/controllers/application_controller.rb": {
        "lines": [
          1,
          null
        ]
      },
      "/Users/new_projects/persogen/app/services/person_generator.rb": {
        "lines": [
          1,
          1,
          225,
          null,
          null,
          1,
          null,
          225,
          null,
          null,
          null,
          null,
          null,
          null,
          null,
          null,
          null,
          null,
          null,
          1,
          null,
          1,
          null,
          225,
          null,
          null,
          null,
          null,
          null,
          null,
          null,
          1,
          null,
          225,
          null,
          null,
          null,
          null,
          1,
          null,
          225,
          null,
          null,
          null,
          null,
          1,
          null,
          225,
          null,
          null,
          null,
          null
        ]
      }
    },
    "timestamp": 1722859716
  }
}
